================================
Micro86 Emulator version 1.0
================================


-------  Memory  ------
00000000: 11000000
00000001: 03020011
00000002: 02010001
00000003: 03020010
00000004: 02020010
00000005: 09010005
00000006: 0F01000F
00000007: 02020011
00000008: 12000000
00000009: 04010001
0000000A: 03020011
0000000B: 02020010
0000000C: 04010001
0000000D: 03020010
0000000E: 0A010004
0000000F: 01000000
00000010: 00000000
00000011: 00000000
00000012: 00000000
00000013: 00000000
00000014: 00000000
00000015: 00000000
00000016: 00000000
00000017: 00000000
00000018: 00000000
00000019: 00000000
0000001A: 00000000
0000001B: 00000000
0000001C: 00000000
0000001D: 00000000
0000001E: 00000000
0000001F: 00000000
00000020: 00000000
00000021: 00000000
00000022: 00000000
00000023: 00000000
00000024: 00000000
00000025: 00000000
00000026: 00000000
00000027: 00000000
00000028: 00000000
00000029: 00000000
0000002A: 00000000
0000002B: 00000000
0000002C: 00000000
0000002D: 00000000
0000002E: 00000000
0000002F: 00000000
00000030: 00000000
00000031: 00000000
----------------------




===== Dissembled Code =====


00000000: IN
00000001: STORE 00000011
00000002: LOADI 00000001
00000003: STORE 00000010
00000004: LOAD 00000010
00000005: CMPI 00000005
00000006: JGI 0000000F
00000007: LOAD 00000011
00000008: OUT
00000009: ADDI 00000001
0000000A: STORE 00000011
0000000B: LOAD 00000010
0000000C: ADDI 00000001
0000000D: STORE 00000010
0000000E: JMPI 00000004
0000000F: HALT
00000010: 00000000
00000011: 00000000
00000012: 00000000
00000013: 00000000
00000014: 00000000
00000015: 00000000
00000016: 00000000
00000017: 00000000
00000018: 00000000
00000019: 00000000
0000001A: 00000000
0000001B: 00000000
0000001C: 00000000
0000001D: 00000000
0000001E: 00000000
0000001F: 00000000
00000020: 00000000
00000021: 00000000
00000022: 00000000
00000023: 00000000
00000024: 00000000
00000025: 00000000
00000026: 00000000
00000027: 00000000
00000028: 00000000
00000029: 00000000
0000002A: 00000000
0000002B: 00000000
0000002C: 00000000
0000002D: 00000000
0000002E: 00000000
0000002F: 00000000
00000030: 00000000
00000031: 00000000


===========================


===== Execution Trace =====

						acc: 00000000 ip: 00000000 flags: 00000000 ir: (00000000)
IN:
00000001: 11000000	|00000000: 00000035|	acc: 00000035 ip: 00000001 flags: 00000000 ir: (11000000)
00000002: 03020011	|00000011: 00000035|	acc: 00000035 ip: 00000002 flags: 00000000 ir: (03020011)
00000003: 02010001	|00000001: 00000001|	acc: 00000001 ip: 00000003 flags: 00000000 ir: (02010001)
00000004: 03020010	|00000010: 00000001|	acc: 00000001 ip: 00000004 flags: 00000000 ir: (03020010)
00000005: 02020010	|00000010: 00000001|	acc: 00000001 ip: 00000005 flags: 00000000 ir: (02020010)
00000006: 09010005	|00000005: 00000001|	acc: 00000001 ip: 00000006 flags: 00000002 ir: (09010005)
00000007: 0F01000F	|0000000F: 00000001|	acc: 00000001 ip: 00000007 flags: 00000002 ir: (0F01000F)
00000008: 02020011	|00000011: 00000035|	acc: 00000035 ip: 00000008 flags: 00000002 ir: (02020011)
OUT 5
00000009: 12000000	|00000000: 00000035|	acc: 00000035 ip: 00000009 flags: 00000002 ir: (12000000)
0000000A: 04010001	|00000001: 00000036|	acc: 00000036 ip: 0000000A flags: 00000002 ir: (04010001)
0000000B: 03020011	|00000011: 00000036|	acc: 00000036 ip: 0000000B flags: 00000002 ir: (03020011)
0000000C: 02020010	|00000010: 00000001|	acc: 00000001 ip: 0000000C flags: 00000002 ir: (02020010)
0000000D: 04010001	|00000001: 00000002|	acc: 00000002 ip: 0000000D flags: 00000002 ir: (04010001)
0000000E: 03020010	|00000010: 00000002|	acc: 00000002 ip: 0000000E flags: 00000002 ir: (03020010)
00000004: 0A010004	|00000004: 00000002|	acc: 00000002 ip: 00000004 flags: 00000002 ir: (0A010004)
00000005: 02020010	|00000010: 00000002|	acc: 00000002 ip: 00000005 flags: 00000002 ir: (02020010)
00000006: 09010005	|00000005: 00000002|	acc: 00000002 ip: 00000006 flags: 00000002 ir: (09010005)
00000007: 0F01000F	|0000000F: 00000002|	acc: 00000002 ip: 00000007 flags: 00000002 ir: (0F01000F)
00000008: 02020011	|00000011: 00000036|	acc: 00000036 ip: 00000008 flags: 00000002 ir: (02020011)
OUT 6
00000009: 12000000	|00000000: 00000036|	acc: 00000036 ip: 00000009 flags: 00000002 ir: (12000000)
0000000A: 04010001	|00000001: 00000037|	acc: 00000037 ip: 0000000A flags: 00000002 ir: (04010001)
0000000B: 03020011	|00000011: 00000037|	acc: 00000037 ip: 0000000B flags: 00000002 ir: (03020011)
0000000C: 02020010	|00000010: 00000002|	acc: 00000002 ip: 0000000C flags: 00000002 ir: (02020010)
0000000D: 04010001	|00000001: 00000003|	acc: 00000003 ip: 0000000D flags: 00000002 ir: (04010001)
0000000E: 03020010	|00000010: 00000003|	acc: 00000003 ip: 0000000E flags: 00000002 ir: (03020010)
00000004: 0A010004	|00000004: 00000003|	acc: 00000003 ip: 00000004 flags: 00000002 ir: (0A010004)
00000005: 02020010	|00000010: 00000003|	acc: 00000003 ip: 00000005 flags: 00000002 ir: (02020010)
00000006: 09010005	|00000005: 00000003|	acc: 00000003 ip: 00000006 flags: 00000002 ir: (09010005)
00000007: 0F01000F	|0000000F: 00000003|	acc: 00000003 ip: 00000007 flags: 00000002 ir: (0F01000F)
00000008: 02020011	|00000011: 00000037|	acc: 00000037 ip: 00000008 flags: 00000002 ir: (02020011)
OUT 7
00000009: 12000000	|00000000: 00000037|	acc: 00000037 ip: 00000009 flags: 00000002 ir: (12000000)
0000000A: 04010001	|00000001: 00000038|	acc: 00000038 ip: 0000000A flags: 00000002 ir: (04010001)
0000000B: 03020011	|00000011: 00000038|	acc: 00000038 ip: 0000000B flags: 00000002 ir: (03020011)
0000000C: 02020010	|00000010: 00000003|	acc: 00000003 ip: 0000000C flags: 00000002 ir: (02020010)
0000000D: 04010001	|00000001: 00000004|	acc: 00000004 ip: 0000000D flags: 00000002 ir: (04010001)
0000000E: 03020010	|00000010: 00000004|	acc: 00000004 ip: 0000000E flags: 00000002 ir: (03020010)
00000004: 0A010004	|00000004: 00000004|	acc: 00000004 ip: 00000004 flags: 00000002 ir: (0A010004)
00000005: 02020010	|00000010: 00000004|	acc: 00000004 ip: 00000005 flags: 00000002 ir: (02020010)
00000006: 09010005	|00000005: 00000004|	acc: 00000004 ip: 00000006 flags: 00000002 ir: (09010005)
00000007: 0F01000F	|0000000F: 00000004|	acc: 00000004 ip: 00000007 flags: 00000002 ir: (0F01000F)
00000008: 02020011	|00000011: 00000038|	acc: 00000038 ip: 00000008 flags: 00000002 ir: (02020011)
OUT 8
00000009: 12000000	|00000000: 00000038|	acc: 00000038 ip: 00000009 flags: 00000002 ir: (12000000)
0000000A: 04010001	|00000001: 00000039|	acc: 00000039 ip: 0000000A flags: 00000002 ir: (04010001)
0000000B: 03020011	|00000011: 00000039|	acc: 00000039 ip: 0000000B flags: 00000002 ir: (03020011)
0000000C: 02020010	|00000010: 00000004|	acc: 00000004 ip: 0000000C flags: 00000002 ir: (02020010)
0000000D: 04010001	|00000001: 00000005|	acc: 00000005 ip: 0000000D flags: 00000002 ir: (04010001)
0000000E: 03020010	|00000010: 00000005|	acc: 00000005 ip: 0000000E flags: 00000002 ir: (03020010)
00000004: 0A010004	|00000004: 00000005|	acc: 00000005 ip: 00000004 flags: 00000002 ir: (0A010004)
00000005: 02020010	|00000010: 00000005|	acc: 00000005 ip: 00000005 flags: 00000002 ir: (02020010)
00000006: 09010005	|00000005: 00000005|	acc: 00000005 ip: 00000006 flags: 00000001 ir: (09010005)
00000007: 0F01000F	|0000000F: 00000005|	acc: 00000005 ip: 00000007 flags: 00000001 ir: (0F01000F)
00000008: 02020011	|00000011: 00000039|	acc: 00000039 ip: 00000008 flags: 00000001 ir: (02020011)
OUT 9
00000009: 12000000	|00000000: 00000039|	acc: 00000039 ip: 00000009 flags: 00000001 ir: (12000000)
0000000A: 04010001	|00000001: 0000003A|	acc: 0000003A ip: 0000000A flags: 00000001 ir: (04010001)
0000000B: 03020011	|00000011: 0000003A|	acc: 0000003A ip: 0000000B flags: 00000001 ir: (03020011)
0000000C: 02020010	|00000010: 00000005|	acc: 00000005 ip: 0000000C flags: 00000001 ir: (02020010)
0000000D: 04010001	|00000001: 00000006|	acc: 00000006 ip: 0000000D flags: 00000001 ir: (04010001)
0000000E: 03020010	|00000010: 00000006|	acc: 00000006 ip: 0000000E flags: 00000001 ir: (03020010)
00000004: 0A010004	|00000004: 00000006|	acc: 00000006 ip: 00000004 flags: 00000001 ir: (0A010004)
00000005: 02020010	|00000010: 00000006|	acc: 00000006 ip: 00000005 flags: 00000001 ir: (02020010)
00000006: 09010005	|00000005: 00000006|	acc: 00000006 ip: 00000006 flags: 00000000 ir: (09010005)
0000000F: 0F01000F	|0000000F: 00000006|	acc: 00000006 ip: 0000000F flags: 00000000 ir: (0F01000F)
00000010: 01000000	|00000000: 00000006|	acc: 00000006 ip: 00000010 flags: 00000000 ir: (01000000)


==== Post-Mortem Dump (Normal Termination) ====
--------------------
acc: 00000006 ip: 00000010 flags: 00000000 ir: (01000000)
-------  Memory  ------
00000000: 11000000
00000001: 03020011
00000002: 02010001
00000003: 03020010
00000004: 02020010
00000005: 09010005
00000006: 0F01000F
00000007: 02020011
00000008: 12000000
00000009: 04010001
0000000A: 03020011
0000000B: 02020010
0000000C: 04010001
0000000D: 03020010
0000000E: 0A010004
0000000F: 01000000
00000010: 00000006
00000011: 0000003A
00000012: 00000000
00000013: 00000000
00000014: 00000000
00000015: 00000000
00000016: 00000000
00000017: 00000000
00000018: 00000000
00000019: 00000000
0000001A: 00000000
0000001B: 00000000
0000001C: 00000000
0000001D: 00000000
0000001E: 00000000
0000001F: 00000000
00000020: 00000000
00000021: 00000000
00000022: 00000000
00000023: 00000000
00000024: 00000000
00000025: 00000000
00000026: 00000000
00000027: 00000000
00000028: 00000000
00000029: 00000000
0000002A: 00000000
0000002B: 00000000
0000002C: 00000000
0000002D: 00000000
0000002E: 00000000
0000002F: 00000000
00000030: 00000000
00000031: 00000000
----------------------


