PROGRAM
INT
ID (n)
COMMA
ID (candidate)
SEMICOLON
INT
ID (i)
SEMICOLON
INT
ID (true)
COMMA
ID (false)
SEMICOLON
INT
ID (isPrime)
COMMA
ID (done)
SEMICOLON
ID (true)
ASSIGN_SYMBOL
INT_LITERAL (1)
SEMICOLON
ID (false)
ASSIGN_SYMBOL
INT_LITERAL (0)
SEMICOLON
READ
ID (n)
SEMICOLON
FOR
LPAREN
ID (candidate)
ASSIGN_SYMBOL
INT_LITERAL (2)
COMMA
ID (n)
RPAREN
LBRACE
ID (isPrime)
ASSIGN_SYMBOL
ID (true)
SEMICOLON
ID (done)
ASSIGN_SYMBOL
ID (false)
SEMICOLON
WHILE
LPAREN
ID (done)
EQ_OP
ID (false)
RPAREN
IF
LPAREN
ID (n)
MOD_OP
ID (i)
EQ_OP
INT_LITERAL (0)
RPAREN
LBRACE
ID (done)
ASSIGN_SYMBOL
ID (true)
SEMICOLON
ID (isPrime)
ASSIGN_SYMBOL
ID (false)
SEMICOLON
RBRACE
ELSE
LBRACE
ID (i)
ASSIGN_SYMBOL
ID (i)
PLUS_OP
INT_LITERAL (1)
SEMICOLON
IF
LPAREN
ID (i)
GT_OP
ID (n)
DIV_OP
INT_LITERAL (2)
RPAREN
LBRACE
ID (done)
ASSIGN_SYMBOL
ID (false)
SEMICOLON
ID (isPrime)
ASSIGN_SYMBOL
ID (true)
SEMICOLON
RBRACE
RBRACE
IF
LPAREN
ID (isPrime)
EQ_OP
ID (true)
RPAREN
PRINT
ID (candidate)
SEMICOLON
RBRACE
END
EOI
*** Success ***
