================================
Micro86 Emulator version 1.0
================================


-------  Memory  ------
00000000: 02020007
00000001: 04020008
00000002: 07020006
00000003: 03020005
00000004: 01000000
00000005: 00000000
00000006: 00000002
00000007: 0000000A
00000008: 00000014
00000009: 00000000
0000000A: 00000000
0000000B: 00000000
0000000C: 00000000
0000000D: 00000000
0000000E: 00000000
0000000F: 00000000
00000010: 00000000
00000011: 00000000
00000012: 00000000
00000013: 00000000
00000014: 00000000
00000015: 00000000
00000016: 00000000
00000017: 00000000
00000018: 00000000
00000019: 00000000
0000001A: 00000000
0000001B: 00000000
0000001C: 00000000
0000001D: 00000000
0000001E: 00000000
0000001F: 00000000
00000020: 00000000
00000021: 00000000
00000022: 00000000
00000023: 00000000
00000024: 00000000
00000025: 00000000
00000026: 00000000
00000027: 00000000
00000028: 00000000
00000029: 00000000
0000002A: 00000000
0000002B: 00000000
0000002C: 00000000
0000002D: 00000000
0000002E: 00000000
0000002F: 00000000
00000030: 00000000
00000031: 00000000
----------------------




===== Dissembled Code =====


00000000: LOAD 00000007
00000001: ADD 00000008
00000002: DIV 00000006
00000003: STORE 00000005
00000004: HALT
00000005: 00000000
00000006: 00000002
00000007: 0000000A
00000008: 00000014
00000009: 00000000
0000000A: 00000000
0000000B: 00000000
0000000C: 00000000
0000000D: 00000000
0000000E: 00000000
0000000F: 00000000
00000010: 00000000
00000011: 00000000
00000012: 00000000
00000013: 00000000
00000014: 00000000
00000015: 00000000
00000016: 00000000
00000017: 00000000
00000018: 00000000
00000019: 00000000
0000001A: 00000000
0000001B: 00000000
0000001C: 00000000
0000001D: 00000000
0000001E: 00000000
0000001F: 00000000
00000020: 00000000
00000021: 00000000
00000022: 00000000
00000023: 00000000
00000024: 00000000
00000025: 00000000
00000026: 00000000
00000027: 00000000
00000028: 00000000
00000029: 00000000
0000002A: 00000000
0000002B: 00000000
0000002C: 00000000
0000002D: 00000000
0000002E: 00000000
0000002F: 00000000
00000030: 00000000
00000031: 00000000


===========================


===== Execution Trace =====

						acc: 00000000 ip: 00000000 flags: 00000000 ir: (00000000)
00000001: 02020007	|00000007: 0000000A|	acc: 0000000A ip: 00000001 flags: 00000000 ir: (02020007)
00000002: 04020008	|00000008: 0000001E|	acc: 0000001E ip: 00000002 flags: 00000000 ir: (04020008)
00000003: 07020006	|00000006: 0000000F|	acc: 0000000F ip: 00000003 flags: 00000000 ir: (07020006)
00000004: 03020005	|00000005: 0000000F|	acc: 0000000F ip: 00000004 flags: 00000000 ir: (03020005)
00000005: 01000000	|00000000: 0000000F|	acc: 0000000F ip: 00000005 flags: 00000000 ir: (01000000)


==== Post-Mortem Dump (Normal Termination) ====
--------------------
acc: 0000000F ip: 00000005 flags: 00000000 ir: (01000000)
-------  Memory  ------
00000000: 02020007
00000001: 04020008
00000002: 07020006
00000003: 03020005
00000004: 01000000
00000005: 0000000F
00000006: 00000002
00000007: 0000000A
00000008: 00000014
00000009: 00000000
0000000A: 00000000
0000000B: 00000000
0000000C: 00000000
0000000D: 00000000
0000000E: 00000000
0000000F: 00000000
00000010: 00000000
00000011: 00000000
00000012: 00000000
00000013: 00000000
00000014: 00000000
00000015: 00000000
00000016: 00000000
00000017: 00000000
00000018: 00000000
00000019: 00000000
0000001A: 00000000
0000001B: 00000000
0000001C: 00000000
0000001D: 00000000
0000001E: 00000000
0000001F: 00000000
00000020: 00000000
00000021: 00000000
00000022: 00000000
00000023: 00000000
00000024: 00000000
00000025: 00000000
00000026: 00000000
00000027: 00000000
00000028: 00000000
00000029: 00000000
0000002A: 00000000
0000002B: 00000000
0000002C: 00000000
0000002D: 00000000
0000002E: 00000000
0000002F: 00000000
00000030: 00000000
00000031: 00000000
----------------------


