================================
Micro86 Emulator version 1.0
================================


-------  Memory  ------
00000000: 02010000
00000001: 03020025
00000002: 11000000
00000003: 09010020
00000004: 0B01000F
00000005: 0901000A
00000006: 0B01000F
00000007: 05010030
00000008: 03020027
00000009: 02020025
0000000A: 0601000A
0000000B: 04020027
0000000C: 03020025
0000000D: 11000000
0000000E: 0A010003
0000000F: 02010001
00000010: 03020026
00000011: 02020026
00000012: 0601000A
00000013: 09020025
00000014: 10010017
00000015: 03020026
00000016: 0A010011
00000017: 02020025
00000018: 07020026
00000019: 04010030
0000001A: 12000000
0000001B: 02020025
0000001C: 08020026
0000001D: 03020025
0000001E: 02020026
0000001F: 0701000A
00000020: 03020026
00000021: 02020025
00000022: 09010000
00000023: 0C010017
00000024: 01000000
00000025: 00000000
00000026: 00000000
00000027: 00000000
00000028: 00000000
00000029: 00000000
0000002A: 00000000
0000002B: 00000000
0000002C: 00000000
0000002D: 00000000
0000002E: 00000000
0000002F: 00000000
00000030: 00000000
00000031: 00000000
----------------------




===== Dissembled Code =====


00000000: LOADI 00000000
00000001: STORE 00000025
00000002: IN
00000003: CMPI 00000020
00000004: JEI 0000000F
00000005: CMPI 0000000A
00000006: JEI 0000000F
00000007: SUBI 00000030
00000008: STORE 00000027
00000009: LOAD 00000025
0000000A: MULI 0000000A
0000000B: ADD 00000027
0000000C: STORE 00000025
0000000D: IN
0000000E: JMPI 00000003
0000000F: LOADI 00000001
00000010: STORE 00000026
00000011: LOAD 00000026
00000012: MULI 0000000A
00000013: CMP 00000025
00000014: JGEI 00000017
00000015: STORE 00000026
00000016: JMPI 00000011
00000017: LOAD 00000025
00000018: DIV 00000026
00000019: ADDI 00000030
0000001A: OUT
0000001B: LOAD 00000025
0000001C: MOD 00000026
0000001D: STORE 00000025
0000001E: LOAD 00000026
0000001F: DIVI 0000000A
00000020: STORE 00000026
00000021: LOAD 00000025
00000022: CMPI 00000000
00000023: JNEI 00000017
00000024: HALT
00000025: 00000000
00000026: 00000000
00000027: 00000000
00000028: 00000000
00000029: 00000000
0000002A: 00000000
0000002B: 00000000
0000002C: 00000000
0000002D: 00000000
0000002E: 00000000
0000002F: 00000000
00000030: 00000000
00000031: 00000000


===========================


===== Execution Trace =====

						acc: 00000000 ip: 00000000 flags: 00000000 ir: (00000000)
00000001: 02010000	|00000000: 00000000|	acc: 00000000 ip: 00000001 flags: 00000000 ir: (02010000)
00000002: 03020025	|00000025: 00000000|	acc: 00000000 ip: 00000002 flags: 00000000 ir: (03020025)
IN:
00000003: 11000000	|00000000: 00000031|	acc: 00000031 ip: 00000003 flags: 00000000 ir: (11000000)
00000004: 09010020	|00000020: 00000031|	acc: 00000031 ip: 00000004 flags: 00000000 ir: (09010020)
00000005: 0B01000F	|0000000F: 00000031|	acc: 00000031 ip: 00000005 flags: 00000000 ir: (0B01000F)
00000006: 0901000A	|0000000A: 00000031|	acc: 00000031 ip: 00000006 flags: 00000000 ir: (0901000A)
00000007: 0B01000F	|0000000F: 00000031|	acc: 00000031 ip: 00000007 flags: 00000000 ir: (0B01000F)
00000008: 05010030	|00000030: 00000001|	acc: 00000001 ip: 00000008 flags: 00000000 ir: (05010030)
00000009: 03020027	|00000027: 00000001|	acc: 00000001 ip: 00000009 flags: 00000000 ir: (03020027)
0000000A: 02020025	|00000025: 00000000|	acc: 00000000 ip: 0000000A flags: 00000000 ir: (02020025)
0000000B: 0601000A	|0000000A: 00000000|	acc: 00000000 ip: 0000000B flags: 00000000 ir: (0601000A)
0000000C: 04020027	|00000027: 00000001|	acc: 00000001 ip: 0000000C flags: 00000000 ir: (04020027)
0000000D: 03020025	|00000025: 00000001|	acc: 00000001 ip: 0000000D flags: 00000000 ir: (03020025)
IN:
0000000E: 11000000	|00000000: 00000032|	acc: 00000032 ip: 0000000E flags: 00000000 ir: (11000000)
00000003: 0A010003	|00000003: 00000032|	acc: 00000032 ip: 00000003 flags: 00000000 ir: (0A010003)
00000004: 09010020	|00000020: 00000032|	acc: 00000032 ip: 00000004 flags: 00000000 ir: (09010020)
00000005: 0B01000F	|0000000F: 00000032|	acc: 00000032 ip: 00000005 flags: 00000000 ir: (0B01000F)
00000006: 0901000A	|0000000A: 00000032|	acc: 00000032 ip: 00000006 flags: 00000000 ir: (0901000A)
00000007: 0B01000F	|0000000F: 00000032|	acc: 00000032 ip: 00000007 flags: 00000000 ir: (0B01000F)
00000008: 05010030	|00000030: 00000002|	acc: 00000002 ip: 00000008 flags: 00000000 ir: (05010030)
00000009: 03020027	|00000027: 00000002|	acc: 00000002 ip: 00000009 flags: 00000000 ir: (03020027)
0000000A: 02020025	|00000025: 00000001|	acc: 00000001 ip: 0000000A flags: 00000000 ir: (02020025)
0000000B: 0601000A	|0000000A: 0000000A|	acc: 0000000A ip: 0000000B flags: 00000000 ir: (0601000A)
0000000C: 04020027	|00000027: 0000000C|	acc: 0000000C ip: 0000000C flags: 00000000 ir: (04020027)
0000000D: 03020025	|00000025: 0000000C|	acc: 0000000C ip: 0000000D flags: 00000000 ir: (03020025)
IN:
0000000E: 11000000	|00000000: 00000033|	acc: 00000033 ip: 0000000E flags: 00000000 ir: (11000000)
00000003: 0A010003	|00000003: 00000033|	acc: 00000033 ip: 00000003 flags: 00000000 ir: (0A010003)
00000004: 09010020	|00000020: 00000033|	acc: 00000033 ip: 00000004 flags: 00000000 ir: (09010020)
00000005: 0B01000F	|0000000F: 00000033|	acc: 00000033 ip: 00000005 flags: 00000000 ir: (0B01000F)
00000006: 0901000A	|0000000A: 00000033|	acc: 00000033 ip: 00000006 flags: 00000000 ir: (0901000A)
00000007: 0B01000F	|0000000F: 00000033|	acc: 00000033 ip: 00000007 flags: 00000000 ir: (0B01000F)
00000008: 05010030	|00000030: 00000003|	acc: 00000003 ip: 00000008 flags: 00000000 ir: (05010030)
00000009: 03020027	|00000027: 00000003|	acc: 00000003 ip: 00000009 flags: 00000000 ir: (03020027)
0000000A: 02020025	|00000025: 0000000C|	acc: 0000000C ip: 0000000A flags: 00000000 ir: (02020025)
0000000B: 0601000A	|0000000A: 00000078|	acc: 00000078 ip: 0000000B flags: 00000000 ir: (0601000A)
0000000C: 04020027	|00000027: 0000007B|	acc: 0000007B ip: 0000000C flags: 00000000 ir: (04020027)
0000000D: 03020025	|00000025: 0000007B|	acc: 0000007B ip: 0000000D flags: 00000000 ir: (03020025)
IN:
0000000E: 11000000	|00000000: 00000034|	acc: 00000034 ip: 0000000E flags: 00000000 ir: (11000000)
00000003: 0A010003	|00000003: 00000034|	acc: 00000034 ip: 00000003 flags: 00000000 ir: (0A010003)
00000004: 09010020	|00000020: 00000034|	acc: 00000034 ip: 00000004 flags: 00000000 ir: (09010020)
00000005: 0B01000F	|0000000F: 00000034|	acc: 00000034 ip: 00000005 flags: 00000000 ir: (0B01000F)
00000006: 0901000A	|0000000A: 00000034|	acc: 00000034 ip: 00000006 flags: 00000000 ir: (0901000A)
00000007: 0B01000F	|0000000F: 00000034|	acc: 00000034 ip: 00000007 flags: 00000000 ir: (0B01000F)
00000008: 05010030	|00000030: 00000004|	acc: 00000004 ip: 00000008 flags: 00000000 ir: (05010030)
00000009: 03020027	|00000027: 00000004|	acc: 00000004 ip: 00000009 flags: 00000000 ir: (03020027)
0000000A: 02020025	|00000025: 0000007B|	acc: 0000007B ip: 0000000A flags: 00000000 ir: (02020025)
0000000B: 0601000A	|0000000A: 000004CE|	acc: 000004CE ip: 0000000B flags: 00000000 ir: (0601000A)
0000000C: 04020027	|00000027: 000004D2|	acc: 000004D2 ip: 0000000C flags: 00000000 ir: (04020027)
0000000D: 03020025	|00000025: 000004D2|	acc: 000004D2 ip: 0000000D flags: 00000000 ir: (03020025)
IN:
0000000E: 11000000	|00000000: 00000035|	acc: 00000035 ip: 0000000E flags: 00000000 ir: (11000000)
00000003: 0A010003	|00000003: 00000035|	acc: 00000035 ip: 00000003 flags: 00000000 ir: (0A010003)
00000004: 09010020	|00000020: 00000035|	acc: 00000035 ip: 00000004 flags: 00000000 ir: (09010020)
00000005: 0B01000F	|0000000F: 00000035|	acc: 00000035 ip: 00000005 flags: 00000000 ir: (0B01000F)
00000006: 0901000A	|0000000A: 00000035|	acc: 00000035 ip: 00000006 flags: 00000000 ir: (0901000A)
00000007: 0B01000F	|0000000F: 00000035|	acc: 00000035 ip: 00000007 flags: 00000000 ir: (0B01000F)
00000008: 05010030	|00000030: 00000005|	acc: 00000005 ip: 00000008 flags: 00000000 ir: (05010030)
00000009: 03020027	|00000027: 00000005|	acc: 00000005 ip: 00000009 flags: 00000000 ir: (03020027)
0000000A: 02020025	|00000025: 000004D2|	acc: 000004D2 ip: 0000000A flags: 00000000 ir: (02020025)
0000000B: 0601000A	|0000000A: 00003034|	acc: 00003034 ip: 0000000B flags: 00000000 ir: (0601000A)
0000000C: 04020027	|00000027: 00003039|	acc: 00003039 ip: 0000000C flags: 00000000 ir: (04020027)
0000000D: 03020025	|00000025: 00003039|	acc: 00003039 ip: 0000000D flags: 00000000 ir: (03020025)
IN:
0000000E: 11000000	|00000000: 0000000A|	acc: 0000000A ip: 0000000E flags: 00000000 ir: (11000000)
00000003: 0A010003	|00000003: 0000000A|	acc: 0000000A ip: 00000003 flags: 00000000 ir: (0A010003)
00000004: 09010020	|00000020: 0000000A|	acc: 0000000A ip: 00000004 flags: 00000002 ir: (09010020)
00000005: 0B01000F	|0000000F: 0000000A|	acc: 0000000A ip: 00000005 flags: 00000002 ir: (0B01000F)
00000006: 0901000A	|0000000A: 0000000A|	acc: 0000000A ip: 00000006 flags: 00000001 ir: (0901000A)
0000000F: 0B01000F	|0000000F: 0000000A|	acc: 0000000A ip: 0000000F flags: 00000001 ir: (0B01000F)
00000010: 02010001	|00000001: 00000001|	acc: 00000001 ip: 00000010 flags: 00000001 ir: (02010001)
00000011: 03020026	|00000026: 00000001|	acc: 00000001 ip: 00000011 flags: 00000001 ir: (03020026)
00000012: 02020026	|00000026: 00000001|	acc: 00000001 ip: 00000012 flags: 00000001 ir: (02020026)
00000013: 0601000A	|0000000A: 0000000A|	acc: 0000000A ip: 00000013 flags: 00000001 ir: (0601000A)
00000014: 09020025	|00000025: 0000000A|	acc: 0000000A ip: 00000014 flags: 00000002 ir: (09020025)
00000015: 10010017	|00000017: 0000000A|	acc: 0000000A ip: 00000015 flags: 00000002 ir: (10010017)
00000016: 03020026	|00000026: 0000000A|	acc: 0000000A ip: 00000016 flags: 00000002 ir: (03020026)
00000011: 0A010011	|00000011: 0000000A|	acc: 0000000A ip: 00000011 flags: 00000002 ir: (0A010011)
00000012: 02020026	|00000026: 0000000A|	acc: 0000000A ip: 00000012 flags: 00000002 ir: (02020026)
00000013: 0601000A	|0000000A: 00000064|	acc: 00000064 ip: 00000013 flags: 00000002 ir: (0601000A)
00000014: 09020025	|00000025: 00000064|	acc: 00000064 ip: 00000014 flags: 00000002 ir: (09020025)
00000015: 10010017	|00000017: 00000064|	acc: 00000064 ip: 00000015 flags: 00000002 ir: (10010017)
00000016: 03020026	|00000026: 00000064|	acc: 00000064 ip: 00000016 flags: 00000002 ir: (03020026)
00000011: 0A010011	|00000011: 00000064|	acc: 00000064 ip: 00000011 flags: 00000002 ir: (0A010011)
00000012: 02020026	|00000026: 00000064|	acc: 00000064 ip: 00000012 flags: 00000002 ir: (02020026)
00000013: 0601000A	|0000000A: 000003E8|	acc: 000003E8 ip: 00000013 flags: 00000002 ir: (0601000A)
00000014: 09020025	|00000025: 000003E8|	acc: 000003E8 ip: 00000014 flags: 00000002 ir: (09020025)
00000015: 10010017	|00000017: 000003E8|	acc: 000003E8 ip: 00000015 flags: 00000002 ir: (10010017)
00000016: 03020026	|00000026: 000003E8|	acc: 000003E8 ip: 00000016 flags: 00000002 ir: (03020026)
00000011: 0A010011	|00000011: 000003E8|	acc: 000003E8 ip: 00000011 flags: 00000002 ir: (0A010011)
00000012: 02020026	|00000026: 000003E8|	acc: 000003E8 ip: 00000012 flags: 00000002 ir: (02020026)
00000013: 0601000A	|0000000A: 00002710|	acc: 00002710 ip: 00000013 flags: 00000002 ir: (0601000A)
00000014: 09020025	|00000025: 00002710|	acc: 00002710 ip: 00000014 flags: 00000002 ir: (09020025)
00000015: 10010017	|00000017: 00002710|	acc: 00002710 ip: 00000015 flags: 00000002 ir: (10010017)
00000016: 03020026	|00000026: 00002710|	acc: 00002710 ip: 00000016 flags: 00000002 ir: (03020026)
00000011: 0A010011	|00000011: 00002710|	acc: 00002710 ip: 00000011 flags: 00000002 ir: (0A010011)
00000012: 02020026	|00000026: 00002710|	acc: 00002710 ip: 00000012 flags: 00000002 ir: (02020026)
00000013: 0601000A	|0000000A: 000186A0|	acc: 000186A0 ip: 00000013 flags: 00000002 ir: (0601000A)
00000014: 09020025	|00000025: 000186A0|	acc: 000186A0 ip: 00000014 flags: 00000000 ir: (09020025)
00000017: 10010017	|00000017: 000186A0|	acc: 000186A0 ip: 00000017 flags: 00000000 ir: (10010017)
00000018: 02020025	|00000025: 00003039|	acc: 00003039 ip: 00000018 flags: 00000000 ir: (02020025)
00000019: 07020026	|00000026: 00000001|	acc: 00000001 ip: 00000019 flags: 00000000 ir: (07020026)
0000001A: 04010030	|00000030: 00000031|	acc: 00000031 ip: 0000001A flags: 00000000 ir: (04010030)
OUT 1
0000001B: 12000000	|00000000: 00000031|	acc: 00000031 ip: 0000001B flags: 00000000 ir: (12000000)
0000001C: 02020025	|00000025: 00003039|	acc: 00003039 ip: 0000001C flags: 00000000 ir: (02020025)
0000001D: 08020026	|00000026: 00000929|	acc: 00000929 ip: 0000001D flags: 00000000 ir: (08020026)
0000001E: 03020025	|00000025: 00000929|	acc: 00000929 ip: 0000001E flags: 00000000 ir: (03020025)
0000001F: 02020026	|00000026: 00002710|	acc: 00002710 ip: 0000001F flags: 00000000 ir: (02020026)
00000020: 0701000A	|0000000A: 000003E8|	acc: 000003E8 ip: 00000020 flags: 00000000 ir: (0701000A)
00000021: 03020026	|00000026: 000003E8|	acc: 000003E8 ip: 00000021 flags: 00000000 ir: (03020026)
00000022: 02020025	|00000025: 00000929|	acc: 00000929 ip: 00000022 flags: 00000000 ir: (02020025)
00000023: 09010000	|00000000: 00000929|	acc: 00000929 ip: 00000023 flags: 00000000 ir: (09010000)
00000017: 0C010017	|00000017: 00000929|	acc: 00000929 ip: 00000017 flags: 00000000 ir: (0C010017)
00000018: 02020025	|00000025: 00000929|	acc: 00000929 ip: 00000018 flags: 00000000 ir: (02020025)
00000019: 07020026	|00000026: 00000002|	acc: 00000002 ip: 00000019 flags: 00000000 ir: (07020026)
0000001A: 04010030	|00000030: 00000032|	acc: 00000032 ip: 0000001A flags: 00000000 ir: (04010030)
OUT 2
0000001B: 12000000	|00000000: 00000032|	acc: 00000032 ip: 0000001B flags: 00000000 ir: (12000000)
0000001C: 02020025	|00000025: 00000929|	acc: 00000929 ip: 0000001C flags: 00000000 ir: (02020025)
0000001D: 08020026	|00000026: 00000159|	acc: 00000159 ip: 0000001D flags: 00000000 ir: (08020026)
0000001E: 03020025	|00000025: 00000159|	acc: 00000159 ip: 0000001E flags: 00000000 ir: (03020025)
0000001F: 02020026	|00000026: 000003E8|	acc: 000003E8 ip: 0000001F flags: 00000000 ir: (02020026)
00000020: 0701000A	|0000000A: 00000064|	acc: 00000064 ip: 00000020 flags: 00000000 ir: (0701000A)
00000021: 03020026	|00000026: 00000064|	acc: 00000064 ip: 00000021 flags: 00000000 ir: (03020026)
00000022: 02020025	|00000025: 00000159|	acc: 00000159 ip: 00000022 flags: 00000000 ir: (02020025)
00000023: 09010000	|00000000: 00000159|	acc: 00000159 ip: 00000023 flags: 00000000 ir: (09010000)
00000017: 0C010017	|00000017: 00000159|	acc: 00000159 ip: 00000017 flags: 00000000 ir: (0C010017)
00000018: 02020025	|00000025: 00000159|	acc: 00000159 ip: 00000018 flags: 00000000 ir: (02020025)
00000019: 07020026	|00000026: 00000003|	acc: 00000003 ip: 00000019 flags: 00000000 ir: (07020026)
0000001A: 04010030	|00000030: 00000033|	acc: 00000033 ip: 0000001A flags: 00000000 ir: (04010030)
OUT 3
0000001B: 12000000	|00000000: 00000033|	acc: 00000033 ip: 0000001B flags: 00000000 ir: (12000000)
0000001C: 02020025	|00000025: 00000159|	acc: 00000159 ip: 0000001C flags: 00000000 ir: (02020025)
0000001D: 08020026	|00000026: 0000002D|	acc: 0000002D ip: 0000001D flags: 00000000 ir: (08020026)
0000001E: 03020025	|00000025: 0000002D|	acc: 0000002D ip: 0000001E flags: 00000000 ir: (03020025)
0000001F: 02020026	|00000026: 00000064|	acc: 00000064 ip: 0000001F flags: 00000000 ir: (02020026)
00000020: 0701000A	|0000000A: 0000000A|	acc: 0000000A ip: 00000020 flags: 00000000 ir: (0701000A)
00000021: 03020026	|00000026: 0000000A|	acc: 0000000A ip: 00000021 flags: 00000000 ir: (03020026)
00000022: 02020025	|00000025: 0000002D|	acc: 0000002D ip: 00000022 flags: 00000000 ir: (02020025)
00000023: 09010000	|00000000: 0000002D|	acc: 0000002D ip: 00000023 flags: 00000000 ir: (09010000)
00000017: 0C010017	|00000017: 0000002D|	acc: 0000002D ip: 00000017 flags: 00000000 ir: (0C010017)
00000018: 02020025	|00000025: 0000002D|	acc: 0000002D ip: 00000018 flags: 00000000 ir: (02020025)
00000019: 07020026	|00000026: 00000004|	acc: 00000004 ip: 00000019 flags: 00000000 ir: (07020026)
0000001A: 04010030	|00000030: 00000034|	acc: 00000034 ip: 0000001A flags: 00000000 ir: (04010030)
OUT 4
0000001B: 12000000	|00000000: 00000034|	acc: 00000034 ip: 0000001B flags: 00000000 ir: (12000000)
0000001C: 02020025	|00000025: 0000002D|	acc: 0000002D ip: 0000001C flags: 00000000 ir: (02020025)
0000001D: 08020026	|00000026: 00000005|	acc: 00000005 ip: 0000001D flags: 00000000 ir: (08020026)
0000001E: 03020025	|00000025: 00000005|	acc: 00000005 ip: 0000001E flags: 00000000 ir: (03020025)
0000001F: 02020026	|00000026: 0000000A|	acc: 0000000A ip: 0000001F flags: 00000000 ir: (02020026)
00000020: 0701000A	|0000000A: 00000001|	acc: 00000001 ip: 00000020 flags: 00000000 ir: (0701000A)
00000021: 03020026	|00000026: 00000001|	acc: 00000001 ip: 00000021 flags: 00000000 ir: (03020026)
00000022: 02020025	|00000025: 00000005|	acc: 00000005 ip: 00000022 flags: 00000000 ir: (02020025)
00000023: 09010000	|00000000: 00000005|	acc: 00000005 ip: 00000023 flags: 00000000 ir: (09010000)
00000017: 0C010017	|00000017: 00000005|	acc: 00000005 ip: 00000017 flags: 00000000 ir: (0C010017)
00000018: 02020025	|00000025: 00000005|	acc: 00000005 ip: 00000018 flags: 00000000 ir: (02020025)
00000019: 07020026	|00000026: 00000005|	acc: 00000005 ip: 00000019 flags: 00000000 ir: (07020026)
0000001A: 04010030	|00000030: 00000035|	acc: 00000035 ip: 0000001A flags: 00000000 ir: (04010030)
OUT 5
0000001B: 12000000	|00000000: 00000035|	acc: 00000035 ip: 0000001B flags: 00000000 ir: (12000000)
0000001C: 02020025	|00000025: 00000005|	acc: 00000005 ip: 0000001C flags: 00000000 ir: (02020025)
0000001D: 08020026	|00000026: 00000000|	acc: 00000000 ip: 0000001D flags: 00000000 ir: (08020026)
0000001E: 03020025	|00000025: 00000000|	acc: 00000000 ip: 0000001E flags: 00000000 ir: (03020025)
0000001F: 02020026	|00000026: 00000001|	acc: 00000001 ip: 0000001F flags: 00000000 ir: (02020026)
00000020: 0701000A	|0000000A: 00000000|	acc: 00000000 ip: 00000020 flags: 00000000 ir: (0701000A)
00000021: 03020026	|00000026: 00000000|	acc: 00000000 ip: 00000021 flags: 00000000 ir: (03020026)
00000022: 02020025	|00000025: 00000000|	acc: 00000000 ip: 00000022 flags: 00000000 ir: (02020025)
00000023: 09010000	|00000000: 00000000|	acc: 00000000 ip: 00000023 flags: 00000001 ir: (09010000)
00000024: 0C010017	|00000017: 00000000|	acc: 00000000 ip: 00000024 flags: 00000001 ir: (0C010017)
00000025: 01000000	|00000000: 00000000|	acc: 00000000 ip: 00000025 flags: 00000001 ir: (01000000)


==== Post-Mortem Dump (Normal Termination) ====
--------------------
acc: 00000000 ip: 00000025 flags: 00000001 ir: (01000000)
-------  Memory  ------
00000000: 02010000
00000001: 03020025
00000002: 11000000
00000003: 09010020
00000004: 0B01000F
00000005: 0901000A
00000006: 0B01000F
00000007: 05010030
00000008: 03020027
00000009: 02020025
0000000A: 0601000A
0000000B: 04020027
0000000C: 03020025
0000000D: 11000000
0000000E: 0A010003
0000000F: 02010001
00000010: 03020026
00000011: 02020026
00000012: 0601000A
00000013: 09020025
00000014: 10010017
00000015: 03020026
00000016: 0A010011
00000017: 02020025
00000018: 07020026
00000019: 04010030
0000001A: 12000000
0000001B: 02020025
0000001C: 08020026
0000001D: 03020025
0000001E: 02020026
0000001F: 0701000A
00000020: 03020026
00000021: 02020025
00000022: 09010000
00000023: 0C010017
00000024: 01000000
00000025: 00000000
00000026: 00000000
00000027: 00000005
00000028: 00000000
00000029: 00000000
0000002A: 00000000
0000002B: 00000000
0000002C: 00000000
0000002D: 00000000
0000002E: 00000000
0000002F: 00000000
00000030: 00000000
00000031: 00000000
----------------------


